#
# A fatal error has been detected by the Java Runtime Environment:
#
#  EXCEPTION_ACCESS_VIOLATION (0xc0000005) at pc=0x6a289ab5, pid=41152, tid=52388
#
# JRE version: Java(TM) SE Runtime Environment (8.0_66-b17) (build 1.8.0_66-b17)
# Java VM: Java HotSpot(TM) Client VM (25.66-b17 mixed mode windows-x86 )
# Problematic frame:
# C  [awt.dll+0xa9ab5]
#
# Failed to write core dump. Minidumps are not enabled by default on client versions of Windows
#
# If you would like to submit a bug report, please visit:
#   http://bugreport.java.com/bugreport/crash.jsp
# The crash happened outside the Java Virtual Machine in native code.
# See problematic frame for where to report the bug.
#

---------------  T H R E A D  ---------------

Current thread (0x2893d000):  JavaThread "AWT-EventQueue-0" [_thread_in_native, id=52388, stack(0x27de0000,0x27e30000)]

siginfo: ExceptionCode=0xc0000005, reading address 0x00000004

Registers:
EAX=0x0000000d, EBX=0x28a02380, ECX=0x00000000, EDX=0x0149ae10
ESP=0x27e2da28, EBP=0x75e56460, ESI=0x28c9eb50, EDI=0x1a015c96
EIP=0x6a289ab5, EFLAGS=0x00010297

Top of Stack: (sp=0x27e2da28)
0x27e2da28:   6a20e93f 1a015c96 28a02380 2893d140
0x27e2da38:   27e2daf8 27e2dfb0 6a23b31f 2893d140
0x27e2da48:   28a02380 27e2dfb0 6a23b336 00000001
0x27e2da58:   00000000 00000000 6a20bb85 2893d140
0x27e2da68:   27e2dfb0 2893d000 00000000 00000000
0x27e2da78:   2544a6a1 27e2daa0 2544ff00 2638f490
0x27e2da88:   27e2dfb4 2893d140 27e2da9c 27e2dacc
0x27e2da98:   02ea43b4 0615c170 ffffffff 27e2daa4 

Instructions: (pc=0x6a289ab5)
0x6a289a95:   00 00 c3 8b 41 04 8b 80 0c 0c 00 00 c3 8b 01 83
0x6a289aa5:   78 04 08 7e 03 33 c0 c3 8b 49 04 e9 94 eb fe ff
0x6a289ab5:   8b 49 04 85 c9 74 05 e9 a2 e9 fe ff 33 c0 c2 04
0x6a289ac5:   00 8b 49 04 85 c9 74 05 e9 b7 e9 fe ff c2 04 00 


Register to memory mapping:

EAX=0x0000000d is an unknown value
EBX=0x28a02380 is an unknown value
ECX=0x00000000 is an unknown value
EDX=0x0149ae10 is an unknown value
ESP=0x27e2da28 is pointing into the stack for thread: 0x2893d000
EBP=0x75e56460 is an unknown value
ESI=0x28c9eb50 is an unknown value
EDI=0x1a015c96 is an unallocated location in the heap


Stack: [0x27de0000,0x27e30000],  sp=0x27e2da28,  free space=310k
Native frames: (J=compiled Java code, j=interpreted, Vv=VM code, C=native code)
C  [awt.dll+0xa9ab5]

Java frames: (J=compiled Java code, j=interpreted, Vv=VM code)
J 2247  sun.java2d.windows.GDIBlitLoops.nativeBlit(Lsun/java2d/SurfaceData;Lsun/java2d/SurfaceData;Lsun/java2d/pipe/Region;IIIIIIIIIZ)V (0 bytes) @ 0x0325c458 [0x0325c390+0xc8]
J 2246 C1 sun.java2d.windows.GDIBlitLoops.Blit(Lsun/java2d/SurfaceData;Lsun/java2d/SurfaceData;Ljava/awt/Composite;Lsun/java2d/pipe/Region;IIIIII)V (37 bytes) @ 0x0325c718 [0x0325c680+0x98]
J 2604 C1 sun.java2d.pipe.DrawImage.blitSurfaceData(Lsun/java2d/SunGraphics2D;Lsun/java2d/pipe/Region;Lsun/java2d/SurfaceData;Lsun/java2d/SurfaceData;Lsun/java2d/loops/SurfaceType;Lsun/java2d/loops/SurfaceType;IIIIIILjava/awt/Color;)V (145 bytes) @ 0x02f715fc [0x02f713e0+0x21c]
J 2602 C1 sun.java2d.pipe.DrawImage.renderImageCopy(Lsun/java2d/SunGraphics2D;Ljava/awt/Image;Ljava/awt/Color;IIIIII)Z (147 bytes) @ 0x03012fd8 [0x03012ec0+0x118]
J 2601 C1 sun.java2d.pipe.DrawImage.copyImage(Lsun/java2d/SunGraphics2D;Ljava/awt/Image;IILjava/awt/Color;)Z (105 bytes) @ 0x02fc0fe8 [0x02fc0e10+0x1d8]
J 2593 C1 sun.java2d.pipe.DrawImage.copyImage(Lsun/java2d/SunGraphics2D;Ljava/awt/Image;IILjava/awt/Color;Ljava/awt/image/ImageObserver;)Z (60 bytes) @ 0x02f9c3a4 [0x02f9c240+0x164]
J 2217 C1 sun.java2d.pipe.ValidatePipe.copyImage(Lsun/java2d/SunGraphics2D;Ljava/awt/Image;IILjava/awt/Color;Ljava/awt/image/ImageObserver;)Z (29 bytes) @ 0x03251d68 [0x03251cf0+0x78]
J 2592 C1 sun.java2d.SunGraphics2D.drawImage(Ljava/awt/Image;IILjava/awt/Color;Ljava/awt/image/ImageObserver;)Z (145 bytes) @ 0x02f9c9c4 [0x02f9c7d0+0x1f4]
J 2600 C1 sun.java2d.SunGraphics2D.drawImage(Ljava/awt/Image;IILjava/awt/image/ImageObserver;)Z (11 bytes) @ 0x02fc13c0 [0x02fc1380+0x40]
J 1708 C1 javax.swing.RepaintManager$PaintManager.paintDoubleBuffered(Ljavax/swing/JComponent;Ljava/awt/Image;Ljava/awt/Graphics;IIII)V (294 bytes) @ 0x03181708 [0x03181560+0x1a8]
J 2135 C1 javax.swing.RepaintManager$PaintManager.paint(Ljavax/swing/JComponent;Ljavax/swing/JComponent;Ljava/awt/Graphics;IIII)Z (189 bytes) @ 0x032337b8 [0x03233490+0x328]
J 2305 C1 javax.swing.RepaintManager.paint(Ljavax/swing/JComponent;Ljavax/swing/JComponent;Ljava/awt/Graphics;IIII)V (93 bytes) @ 0x0327215c [0x03271f80+0x1dc]
J 2254 C1 javax.swing.JComponent.paint(Ljava/awt/Graphics;)V (409 bytes) @ 0x0325df68 [0x0325dc50+0x318]
j  java.awt.GraphicsCallback$PaintCallback.run(Ljava/awt/Component;Ljava/awt/Graphics;)V+2
j  sun.awt.SunGraphicsCallback.runOneComponent(Ljava/awt/Component;Ljava/awt/Rectangle;Ljava/awt/Graphics;Ljava/awt/Shape;I)V+155
j  sun.awt.SunGraphicsCallback.runComponents([Ljava/awt/Component;Ljava/awt/Graphics;I)V+194
j  java.awt.Container.paint(Ljava/awt/Graphics;)V+58
j  java.awt.Window.paint(Ljava/awt/Graphics;)V+68
J 2295 C1 javax.swing.RepaintManager$4.run()Ljava/lang/Void; (278 bytes) @ 0x0326b7b4 [0x0326b4e0+0x2d4]
J 2294 C1 javax.swing.RepaintManager$4.run()Ljava/lang/Object; (5 bytes) @ 0x0326b220 [0x0326b200+0x20]
v  ~StubRoutines::call_stub
J 1480  java.security.AccessController.doPrivileged(Ljava/security/PrivilegedAction;Ljava/security/AccessControlContext;)Ljava/lang/Object; (0 bytes) @ 0x02f6bd47 [0x02f6bce0+0x67]
J 2129 C1 javax.swing.RepaintManager.paintDirtyRegions(Ljava/util/Map;)V (196 bytes) @ 0x0323127c [0x03230ea0+0x3dc]
J 2347 C1 javax.swing.RepaintManager.paintDirtyRegions()V (50 bytes) @ 0x03284b64 [0x03284a20+0x144]
J 2345 C1 javax.swing.RepaintManager.prePaintDirtyRegions()V (91 bytes) @ 0x03283ab4 [0x032838f0+0x1c4]
J 2307 C1 javax.swing.RepaintManager$ProcessingRunnable.run()V (41 bytes) @ 0x03273de4 [0x03273cb0+0x134]
J 1828 C1 java.awt.event.InvocationEvent.dispatch()V (69 bytes) @ 0x031bb99c [0x031bb8b0+0xec]
J 1606 C1 java.awt.EventQueue.dispatchEventImpl(Ljava/awt/AWTEvent;Ljava/lang/Object;)V (149 bytes) @ 0x0315a48c [0x03159fd0+0x4bc]
J 1603 C1 java.awt.EventQueue$3.run()Ljava/lang/Void; (60 bytes) @ 0x0315975c [0x03159700+0x5c]
J 1602 C1 java.awt.EventQueue$3.run()Ljava/lang/Object; (5 bytes) @ 0x031594e0 [0x031594c0+0x20]
v  ~StubRoutines::call_stub
J 1480  java.security.AccessController.doPrivileged(Ljava/security/PrivilegedAction;Ljava/security/AccessControlContext;)Ljava/lang/Object; (0 bytes) @ 0x02f6bd47 [0x02f6bce0+0x67]
J 1598 C1 java.awt.EventQueue.dispatchEvent(Ljava/awt/AWTEvent;)V (80 bytes) @ 0x03158008 [0x03157e00+0x208]
J 1460 C1 java.awt.EventDispatchThread.pumpOneEventForFilters(I)V (295 bytes) @ 0x0313c7d4 [0x0313c140+0x694]
j  java.awt.EventDispatchThread.pumpEventsForFilter(ILjava/awt/Conditional;Ljava/awt/EventFilter;)V+35
j  java.awt.EventDispatchThread.pumpEventsForHierarchy(ILjava/awt/Conditional;Ljava/awt/Component;)V+11
j  java.awt.EventDispatchThread.pumpEvents(ILjava/awt/Conditional;)V+4
j  java.awt.EventDispatchThread.pumpEvents(Ljava/awt/Conditional;)V+3
j  java.awt.EventDispatchThread.run()V+9
v  ~StubRoutines::call_stub

---------------  P R O C E S S  ---------------

Java Threads: ( => current thread )
  0x28f7b000 JavaThread "JmDNS(ntb-janm5-adler-local.local.).Timer" daemon [_thread_blocked, id=15184, stack(0x25fe0000,0x26030000)]
  0x28f76400 JavaThread "JmDNS(ntb-janm5-adler-local.local.).State.Timer" [_thread_blocked, id=5516, stack(0x25f50000,0x25fa0000)]
  0x28f79c00 JavaThread "JmDNS(ntb-janm5-adler-local.local.).Timer" daemon [_thread_blocked, id=42008, stack(0x25ec0000,0x25f10000)]
  0x28f75800 JavaThread "SocketListener(ntb-janm5-adler-local.local.)" daemon [_thread_in_native, id=56272, stack(0x25e30000,0x25e80000)]
  0x28f7a800 JavaThread "JmDNS(ntb-janm5-adler-local.local.).Timer" daemon [_thread_blocked, id=55104, stack(0x25da0000,0x25df0000)]
  0x28f77c00 JavaThread "JmDNS(ntb-janm5-adler-local.local.).State.Timer" [_thread_blocked, id=28488, stack(0x25d10000,0x25d60000)]
  0x28f78800 JavaThread "JmDNS(ntb-janm5-adler-local.local.).Timer" daemon [_thread_blocked, id=33664, stack(0x25730000,0x25780000)]
  0x28f77000 JavaThread "SocketListener(ntb-janm5-adler-local.local.)" daemon [_thread_in_native, id=42248, stack(0x02c60000,0x02cb0000)]
  0x28f74800 JavaThread "DestroyJavaVM" [_thread_blocked, id=51120, stack(0x02bb0000,0x02c00000)]
=>0x2893d000 JavaThread "AWT-EventQueue-0" [_thread_in_native, id=52388, stack(0x27de0000,0x27e30000)]
  0x2893f000 JavaThread "AWT-Shutdown" [_thread_blocked, id=44848, stack(0x27d50000,0x27da0000)]
  0x2893e000 JavaThread "TimerQueue" daemon [_thread_blocked, id=56796, stack(0x27bc0000,0x27c10000)]
  0x2893d800 JavaThread "Batik CleanerThread" daemon [_thread_blocked, id=39836, stack(0x27790000,0x277e0000)]
  0x26ada000 JavaThread "cc.arduino.packages.discoverers.network.BoardReachabilityFilter" [_thread_blocked, id=56164, stack(0x281d0000,0x28220000)]
  0x26ad9c00 JavaThread "cc.arduino.packages.discoverers.network.NetworkChecker" [_thread_blocked, id=29860, stack(0x28140000,0x28190000)]
  0x26aa1800 JavaThread "cc.arduino.packages.discoverers.serial.SerialBoardsLister" [_thread_blocked, id=44056, stack(0x280b0000,0x28100000)]
  0x26a54400 JavaThread "AWT-Windows" daemon [_thread_in_native, id=47084, stack(0x26f70000,0x26fc0000)]
  0x26a71400 JavaThread "Java2D Disposer" daemon [_thread_blocked, id=9196, stack(0x26e50000,0x26ea0000)]
  0x26301800 JavaThread "Service Thread" daemon [_thread_blocked, id=54496, stack(0x26840000,0x26890000)]
  0x2630c000 JavaThread "C1 CompilerThread0" daemon [_thread_blocked, id=53060, stack(0x267b0000,0x26800000)]
  0x2630a800 JavaThread "Attach Listener" daemon [_thread_blocked, id=24628, stack(0x26720000,0x26770000)]
  0x26308800 JavaThread "Signal Dispatcher" daemon [_thread_blocked, id=38956, stack(0x26690000,0x266e0000)]
  0x262d8800 JavaThread "Finalizer" daemon [_thread_blocked, id=27160, stack(0x26510000,0x26560000)]
  0x262d3800 JavaThread "Reference Handler" daemon [_thread_blocked, id=44320, stack(0x256a0000,0x256f0000)]

Other Threads:
  0x02bad800 VMThread [stack: 0x25610000,0x25660000] [id=37892]
  0x26307000 WatcherThread [stack: 0x268d0000,0x26920000] [id=29148]

VM state:not at safepoint (normal execution)

VM Mutex/Monitor currently owned by a thread: None

Heap:
 def new generation   total 39424K, used 28263K [0x05000000, 0x07ac0000, 0x0faa0000)
  eden space 35072K,  79% used [0x05000000, 0x06b5c570, 0x07240000)
  from space 4352K,   5% used [0x07240000, 0x0727d818, 0x07680000)
  to   space 4352K,   0% used [0x07680000, 0x07680000, 0x07ac0000)
 tenured generation   total 87424K, used 85441K [0x0faa0000, 0x15000000, 0x25000000)
   the space 87424K,  97% used [0x0faa0000, 0x14e10728, 0x14e10800, 0x15000000)
 Metaspace       used 18406K, capacity 18818K, committed 18944K, reserved 19840K

Card table byte_map: [0x04ea0000,0x04fb0000] byte_map_base: 0x04e78000

Polling page: 0x00cd0000

CodeCache: size=32768Kb used=2240Kb max_used=4175Kb free=30527Kb
 bounds [0x02ea0000, 0x032b8000, 0x04ea0000]
 total_blobs=1331 nmethods=1057 adapters=204
 compilation: enabled

Compilation events (10 events):
Event: 21383.231 Thread 0x2630c000 2762             java.util.LinkedList$ListItr::checkForComodification (23 bytes)
Event: 21383.231 Thread 0x2630c000 nmethod 2762 0x031ba988 code [0x031baa90, 0x031bab6c]
Event: 26346.283 Thread 0x2630c000 2763             org.fife.ui.rsyntaxtextarea.SyntaxView::paint (518 bytes)
Event: 26346.289 Thread 0x2630c000 nmethod 2763 0x03155f48 code [0x031561b0, 0x03156a08]
Event: 26346.289 Thread 0x2630c000 2764             sun.java2d.SunGraphics2D::invalidatePipe (41 bytes)
Event: 26346.289 Thread 0x2630c000 nmethod 2764 0x03155d08 code [0x03155e00, 0x03155ee0]
Event: 26360.528 Thread 0x2630c000 2765             javax.jmdns.impl.DNSOutgoing$MessageOutputStream::writeByte (10 bytes)
Event: 26360.528 Thread 0x2630c000 nmethod 2765 0x031ba408 code [0x031ba510, 0x031ba76c]
Event: 26360.528 Thread 0x2630c000 2766             java.lang.String::regionMatches (149 bytes)
Event: 26360.529 Thread 0x2630c000 nmethod 2766 0x0308b708 code [0x0308b880, 0x0308bb70]

GC Heap History (10 events):
Event: 14635.724 GC heap before
{Heap before GC invocations=14 (full 1):
 def new generation   total 39424K, used 35259K [0x05000000, 0x07ac0000, 0x0faa0000)
  eden space 35072K, 100% used [0x05000000, 0x07240000, 0x07240000)
  from space 4352K,   4% used [0x07680000, 0x076aecd8, 0x07ac0000)
  to   space 4352K,   0% used [0x07240000, 0x07240000, 0x07680000)
 tenured generation   total 87424K, used 61659K [0x0faa0000, 0x15000000, 0x25000000)
   the space 87424K,  70% used [0x0faa0000, 0x136d6cf8, 0x136d6e00, 0x15000000)
 Metaspace       used 18387K, capacity 18818K, committed 18944K, reserved 19840K
Event: 14635.731 GC heap after
Heap after GC invocations=15 (full 1):
 def new generation   total 39424K, used 242K [0x05000000, 0x07ac0000, 0x0faa0000)
  eden space 35072K,   0% used [0x05000000, 0x05000000, 0x07240000)
  from space 4352K,   5% used [0x07240000, 0x0727c878, 0x07680000)
  to   space 4352K,   0% used [0x07680000, 0x07680000, 0x07ac0000)
 tenured generation   total 87424K, used 69586K [0x0faa0000, 0x15000000, 0x25000000)
   the space 87424K,  79% used [0x0faa0000, 0x13e94b08, 0x13e94c00, 0x15000000)
 Metaspace       used 18387K, capacity 18818K, committed 18944K, reserved 19840K
}
Event: 15605.012 GC heap before
{Heap before GC invocations=15 (full 1):
 def new generation   total 39424K, used 33407K [0x05000000, 0x07ac0000, 0x0faa0000)
  eden space 35072K,  94% used [0x05000000, 0x070633a0, 0x07240000)
  from space 4352K,   5% used [0x07240000, 0x0727c878, 0x07680000)
  to   space 4352K,   0% used [0x07680000, 0x07680000, 0x07ac0000)
 tenured generation   total 87424K, used 69586K [0x0faa0000, 0x15000000, 0x25000000)
   the space 87424K,  79% used [0x0faa0000, 0x13e94b08, 0x13e94c00, 0x15000000)
 Metaspace       used 18387K, capacity 18818K, committed 18944K, reserved 19840K
Event: 15605.015 GC heap after
Heap after GC invocations=16 (full 1):
 def new generation   total 39424K, used 243K [0x05000000, 0x07ac0000, 0x0faa0000)
  eden space 35072K,   0% used [0x05000000, 0x05000000, 0x07240000)
  from space 4352K,   5% used [0x07680000, 0x076bcce8, 0x07ac0000)
  to   space 4352K,   0% used [0x07240000, 0x07240000, 0x07680000)
 tenured generation   total 87424K, used 69586K [0x0faa0000, 0x15000000, 0x25000000)
   the space 87424K,  79% used [0x0faa0000, 0x13e94b08, 0x13e94c00, 0x15000000)
 Metaspace       used 18387K, capacity 18818K, committed 18944K, reserved 19840K
}
Event: 17348.067 GC heap before
{Heap before GC invocations=16 (full 1):
 def new generation   total 39424K, used 32653K [0x05000000, 0x07ac0000, 0x0faa0000)
  eden space 35072K,  92% used [0x05000000, 0x06fa69c8, 0x07240000)
  from space 4352K,   5% used [0x07680000, 0x076bcce8, 0x07ac0000)
  to   space 4352K,   0% used [0x07240000, 0x07240000, 0x07680000)
 tenured generation   total 87424K, used 69586K [0x0faa0000, 0x15000000, 0x25000000)
   the space 87424K,  79% used [0x0faa0000, 0x13e94b08, 0x13e94c00, 0x15000000)
 Metaspace       used 18387K, capacity 18818K, committed 18944K, reserved 19840K
Event: 17348.071 GC heap after
Heap after GC invocations=17 (full 1):
 def new generation   total 39424K, used 243K [0x05000000, 0x07ac0000, 0x0faa0000)
  eden space 35072K,   0% used [0x05000000, 0x05000000, 0x07240000)
  from space 4352K,   5% used [0x07240000, 0x0727cc98, 0x07680000)
  to   space 4352K,   0% used [0x07680000, 0x07680000, 0x07ac0000)
 tenured generation   total 87424K, used 69586K [0x0faa0000, 0x15000000, 0x25000000)
   the space 87424K,  79% used [0x0faa0000, 0x13e94b08, 0x13e94c00, 0x15000000)
 Metaspace       used 18387K, capacity 18818K, committed 18944K, reserved 19840K
}
Event: 18693.563 GC heap before
{Heap before GC invocations=17 (full 1):
 def new generation   total 39424K, used 35315K [0x05000000, 0x07ac0000, 0x0faa0000)
  eden space 35072K, 100% used [0x05000000, 0x07240000, 0x07240000)
  from space 4352K,   5% used [0x07240000, 0x0727cc98, 0x07680000)
  to   space 4352K,   0% used [0x07680000, 0x07680000, 0x07ac0000)
 tenured generation   total 87424K, used 69586K [0x0faa0000, 0x15000000, 0x25000000)
   the space 87424K,  79% used [0x0faa0000, 0x13e94b08, 0x13e94c00, 0x15000000)
 Metaspace       used 18391K, capacity 18818K, committed 18944K, reserved 19840K
Event: 18693.569 GC heap after
Heap after GC invocations=18 (full 1):
 def new generation   total 39424K, used 253K [0x05000000, 0x07ac0000, 0x0faa0000)
  eden space 35072K,   0% used [0x05000000, 0x05000000, 0x07240000)
  from space 4352K,   5% used [0x07680000, 0x076bf760, 0x07ac0000)
  to   space 4352K,   0% used [0x07240000, 0x07240000, 0x07680000)
 tenured generation   total 87424K, used 77514K [0x0faa0000, 0x15000000, 0x25000000)
   the space 87424K,  88% used [0x0faa0000, 0x14652918, 0x14652a00, 0x15000000)
 Metaspace       used 18391K, capacity 18818K, committed 18944K, reserved 19840K
}
Event: 20620.120 GC heap before
{Heap before GC invocations=18 (full 1):
 def new generation   total 39424K, used 35325K [0x05000000, 0x07ac0000, 0x0faa0000)
  eden space 35072K, 100% used [0x05000000, 0x07240000, 0x07240000)
  from space 4352K,   5% used [0x07680000, 0x076bf760, 0x07ac0000)
  to   space 4352K,   0% used [0x07240000, 0x07240000, 0x07680000)
 tenured generation   total 87424K, used 77514K [0x0faa0000, 0x15000000, 0x25000000)
   the space 87424K,  88% used [0x0faa0000, 0x14652918, 0x14652a00, 0x15000000)
 Metaspace       used 18391K, capacity 18818K, committed 18944K, reserved 19840K
Event: 20620.126 GC heap after
Heap after GC invocations=19 (full 1):
 def new generation   total 39424K, used 246K [0x05000000, 0x07ac0000, 0x0faa0000)
  eden space 35072K,   0% used [0x05000000, 0x05000000, 0x07240000)
  from space 4352K,   5% used [0x07240000, 0x0727d818, 0x07680000)
  to   space 4352K,   0% used [0x07680000, 0x07680000, 0x07ac0000)
 tenured generation   total 87424K, used 85441K [0x0faa0000, 0x15000000, 0x25000000)
   the space 87424K,  97% used [0x0faa0000, 0x14e10728, 0x14e10800, 0x15000000)
 Metaspace       used 18391K, capacity 18818K, committed 18944K, reserved 19840K
}

Deoptimization events (0 events):
No events

Internal exceptions (10 events):
Event: 64.056 Thread 0x28f77c00 Exception <a 'sun/nio/fs/WindowsException'> (0x06156030) thrown at [C:\re\workspace\8-2-build-windows-i586-cygwin\jdk8u66\4988\hotspot\src\share\vm\prims\jni.cpp, line 709]
Event: 64.058 Thread 0x28f77c00 Exception <a 'sun/nio/fs/WindowsException'> (0x06160138) thrown at [C:\re\workspace\8-2-build-windows-i586-cygwin\jdk8u66\4988\hotspot\src\share\vm\prims\jni.cpp, line 709]
Event: 64.058 Thread 0x28f77c00 Exception <a 'sun/nio/fs/WindowsException'> (0x061607a8) thrown at [C:\re\workspace\8-2-build-windows-i586-cygwin\jdk8u66\4988\hotspot\src\share\vm\prims\jni.cpp, line 709]
Event: 64.060 Thread 0x28f77c00 Exception <a 'sun/nio/fs/WindowsException'> (0x0616a558) thrown at [C:\re\workspace\8-2-build-windows-i586-cygwin\jdk8u66\4988\hotspot\src\share\vm\prims\jni.cpp, line 709]
Event: 64.060 Thread 0x28f77c00 Exception <a 'sun/nio/fs/WindowsException'> (0x0616ab50) thrown at [C:\re\workspace\8-2-build-windows-i586-cygwin\jdk8u66\4988\hotspot\src\share\vm\prims\jni.cpp, line 709]
Event: 64.062 Thread 0x28f77c00 Exception <a 'sun/nio/fs/WindowsException'> (0x06174680) thrown at [C:\re\workspace\8-2-build-windows-i586-cygwin\jdk8u66\4988\hotspot\src\share\vm\prims\jni.cpp, line 709]
Event: 64.062 Thread 0x28f77c00 Exception <a 'sun/nio/fs/WindowsException'> (0x06174c88) thrown at [C:\re\workspace\8-2-build-windows-i586-cygwin\jdk8u66\4988\hotspot\src\share\vm\prims\jni.cpp, line 709]
Event: 26349.636 Thread 0x26ad9c00 Exception <a 'java/net/SocketException': error setting options> (0x060e1a88) thrown at [C:\re\workspace\8-2-build-windows-i586-cygwin\jdk8u66\4988\hotspot\src\share\vm\prims\jni.cpp, line 735]
Event: 26349.636 Thread 0x2893fc00 Exception <a 'java/net/SocketException': socket closed> (0x057bb968) thrown at [C:\re\workspace\8-2-build-windows-i586-cygwin\jdk8u66\4988\hotspot\src\share\vm\prims\jni.cpp, line 735]
Event: 26354.638 Thread 0x2638c400 Exception <a 'java/net/SocketException': socket closed> (0x06048f40) thrown at [C:\re\workspace\8-2-build-windows-i586-cygwin\jdk8u66\4988\hotspot\src\share\vm\prims\jni.cpp, line 735]

Events (10 events):
Event: 26392.718 Executing VM operation: RevokeBias
Event: 26392.718 Executing VM operation: RevokeBias done
Event: 26392.718 Executing VM operation: RevokeBias
Event: 26392.718 Executing VM operation: RevokeBias done
Event: 26392.718 Executing VM operation: RevokeBias
Event: 26392.718 Executing VM operation: RevokeBias done
Event: 26392.718 Executing VM operation: RevokeBias
Event: 26392.718 Executing VM operation: RevokeBias done
Event: 26392.718 Executing VM operation: RevokeBias
Event: 26392.718 Executing VM operation: RevokeBias done


Dynamic libraries:
0x00a40000 - 0x00a73000 	C:\Program Files (x86)\Arduino\java\bin\javaw.exe
0x77d30000 - 0x77ebe000 	C:\WINDOWS\SYSTEM32\ntdll.dll
0x77c60000 - 0x77d30000 	C:\WINDOWS\System32\KERNEL32.DLL
0x771a0000 - 0x77362000 	C:\WINDOWS\System32\KERNELBASE.dll
0x75f10000 - 0x75f87000 	C:\WINDOWS\System32\ADVAPI32.dll
0x774f0000 - 0x775ad000 	C:\WINDOWS\System32\msvcrt.dll
0x776f0000 - 0x77731000 	C:\WINDOWS\System32\sechost.dll
0x77430000 - 0x774f0000 	C:\WINDOWS\System32\RPCRT4.dll
0x74800000 - 0x74820000 	C:\WINDOWS\System32\SspiCli.dll
0x747f0000 - 0x747fa000 	C:\WINDOWS\System32\CRYPTBASE.dll
0x75eb0000 - 0x75f07000 	C:\WINDOWS\System32\bcryptPrimitives.dll
0x775b0000 - 0x776ec000 	C:\WINDOWS\System32\USER32.dll
0x77370000 - 0x77386000 	C:\WINDOWS\System32\win32u.dll
0x75e50000 - 0x75e71000 	C:\WINDOWS\System32\GDI32.dll
0x74820000 - 0x74978000 	C:\WINDOWS\System32\gdi32full.dll
0x76850000 - 0x768c9000 	C:\WINDOWS\System32\msvcp_win.dll
0x77990000 - 0x77aa8000 	C:\WINDOWS\System32\ucrtbase.dll
0x61800000 - 0x61a0e000 	C:\WINDOWS\WinSxS\x86_microsoft.windows.common-controls_6595b64144ccf1df_6.0.15063.0_none_583b8639f462029f\COMCTL32.dll
0x75f90000 - 0x761c8000 	C:\WINDOWS\System32\combase.dll
0x75e80000 - 0x75ea5000 	C:\WINDOWS\System32\IMM32.DLL
0x6a700000 - 0x6a7bf000 	C:\Program Files (x86)\Arduino\java\bin\msvcr100.dll
0x6a330000 - 0x6a6f5000 	C:\Program Files (x86)\Arduino\java\bin\client\jvm.dll
0x74980000 - 0x74986000 	C:\WINDOWS\System32\PSAPI.DLL
0x74190000 - 0x74198000 	C:\WINDOWS\SYSTEM32\VERSION.dll
0x5ca60000 - 0x5ca68000 	C:\WINDOWS\SYSTEM32\WSOCK32.dll
0x736c0000 - 0x736e4000 	C:\WINDOWS\SYSTEM32\WINMM.dll
0x77130000 - 0x77197000 	C:\WINDOWS\System32\WS2_32.dll
0x72c90000 - 0x72cb3000 	C:\WINDOWS\SYSTEM32\winmmbase.dll
0x769f0000 - 0x76a29000 	C:\WINDOWS\System32\cfgmgr32.dll
0x6cff0000 - 0x6d021000 	C:\Program Files (x86)\Arduino\java\bin\splashscreen.dll
0x6df90000 - 0x6e008000 	C:\WINDOWS\system32\uxtheme.dll
0x71a80000 - 0x71a8c000 	C:\Program Files (x86)\Arduino\java\bin\verify.dll
0x77ab0000 - 0x77bf6000 	C:\WINDOWS\System32\MSCTF.dll
0x77390000 - 0x77426000 	C:\WINDOWS\System32\OLEAUT32.dll
0x719d0000 - 0x719f1000 	C:\Program Files (x86)\Arduino\java\bin\java.dll
0x74990000 - 0x75cd8000 	C:\WINDOWS\System32\SHELL32.dll
0x77000000 - 0x7708c000 	C:\WINDOWS\System32\shcore.dll
0x761d0000 - 0x76754000 	C:\WINDOWS\System32\windows.storage.dll
0x76940000 - 0x76985000 	C:\WINDOWS\System32\shlwapi.dll
0x76ff0000 - 0x76ffe000 	C:\WINDOWS\System32\kernel.appcore.dll
0x77c00000 - 0x77c45000 	C:\WINDOWS\System32\powrprof.dll
0x76760000 - 0x76770000 	C:\WINDOWS\System32\profapi.dll
0x77830000 - 0x77923000 	C:\WINDOWS\System32\ole32.dll
0x71a60000 - 0x71a73000 	C:\Program Files (x86)\Arduino\java\bin\zip.dll
0x62270000 - 0x622d7000 	C:\WINDOWS\System32\TextInputFramework.dll
0x61fb0000 - 0x621d7000 	C:\WINDOWS\System32\CoreUIComponents.dll
0x621e0000 - 0x6226f000 	C:\WINDOWS\System32\CoreMessaging.dll
0x71420000 - 0x714f1000 	C:\WINDOWS\SYSTEM32\wintypes.dll
0x61fa0000 - 0x61fb0000 	C:\WINDOWS\SYSTEM32\usermgrcli.dll
0x720a0000 - 0x720c8000 	C:\WINDOWS\SYSTEM32\ntmarta.dll
0x727e0000 - 0x72803000 	C:\WINDOWS\system32\dwmapi.dll
0x6a1e0000 - 0x6a325000 	C:\Program Files (x86)\Arduino\java\bin\awt.dll
0x6db20000 - 0x6dbb3000 	C:\WINDOWS\SYSTEM32\apphelp.dll
0x6d260000 - 0x6d276000 	C:\Program Files (x86)\Arduino\java\bin\net.dll
0x72710000 - 0x7275e000 	C:\WINDOWS\system32\mswsock.dll
0x74230000 - 0x7425f000 	C:\WINDOWS\SYSTEM32\IPHLPAPI.DLL
0x28220000 - 0x28256000 	C:\Program Files (x86)\Arduino\lib\listSerialsj.dll
0x76bb0000 - 0x76fca000 	C:\WINDOWS\System32\SETUPAPI.dll
0x77120000 - 0x77127000 	C:\WINDOWS\System32\NSI.dll
0x72080000 - 0x72093000 	C:\WINDOWS\SYSTEM32\dhcpcsvc6.DLL
0x72060000 - 0x72074000 	C:\WINDOWS\SYSTEM32\dhcpcsvc.DLL
0x722b0000 - 0x722c3000 	C:\WINDOWS\SYSTEM32\CRYPTSP.dll
0x72280000 - 0x722af000 	C:\WINDOWS\system32\rsaenh.dll
0x72300000 - 0x72318000 	C:\WINDOWS\SYSTEM32\bcrypt.dll
0x74630000 - 0x74652000 	C:\WINDOWS\SYSTEM32\USERENV.dll
0x6cb10000 - 0x6cb1f000 	C:\Program Files (x86)\Arduino\java\bin\nio.dll
0x28480000 - 0x284bd000 	C:\Users\janm\AppData\Local\Temp\jna-3254582\jna8203641944861687008.dll
0x6cad0000 - 0x6cb09000 	C:\Program Files (x86)\Arduino\java\bin\fontmanager.dll
0x72c10000 - 0x72c8f000 	C:\WINDOWS\SYSTEM32\DNSAPI.dll
0x6e280000 - 0x6e2a1000 	C:\Program Files (x86)\Bonjour\mdnsNSP.dll
0x70180000 - 0x70188000 	C:\Windows\System32\rasadhlp.dll
0x6ff50000 - 0x6ff9a000 	C:\WINDOWS\System32\fwpuclnt.dll
0x6caa0000 - 0x6cad0000 	C:\Program Files (x86)\Arduino\java\bin\t2k.dll
0x6a170000 - 0x6a1d9000 	C:\Program Files (x86)\Arduino\msvcp100.dll
0x6a0b0000 - 0x6a16e000 	C:\Program Files (x86)\Arduino\msvcr100.dll
0x27710000 - 0x27742000 	C:\Program Files (x86)\Arduino\lib\AStylej.dll
0x6a080000 - 0x6a0a4000 	C:\Program Files (x86)\Arduino\java\bin\dcpr.dll
0x77090000 - 0x77113000 	C:\WINDOWS\System32\clbcatq.dll
0x63830000 - 0x639a2000 	C:\WINDOWS\SYSTEM32\WindowsCodecs.dll
0x63490000 - 0x634d3000 	C:\WINDOWS\system32\dataexchange.dll
0x63230000 - 0x63482000 	C:\WINDOWS\system32\d3d11.dll
0x63140000 - 0x6322b000 	C:\WINDOWS\system32\dcomp.dll
0x630b0000 - 0x6313a000 	C:\WINDOWS\system32\dxgi.dll
0x62f70000 - 0x630a6000 	C:\WINDOWS\system32\twinapi.appcore.dll
0x71700000 - 0x71722000 	C:\WINDOWS\SYSTEM32\DEVOBJ.dll
0x76770000 - 0x767b4000 	C:\WINDOWS\System32\WINTRUST.dll
0x76930000 - 0x7693e000 	C:\WINDOWS\System32\MSASN1.dll
0x76a30000 - 0x76bad000 	C:\WINDOWS\System32\CRYPT32.dll
0x744d0000 - 0x7462d000 	C:\WINDOWS\SYSTEM32\dbghelp.dll

VM Arguments:
jvm_args: -Dsun.java2d.d3d=false -DAPP_DIR=C:\Program Files (x86)\Arduino -Xms128M -Xmx512M 
java_command: processing.app.Base C:\Users\janm\Desktop\modely\3d\firmware\Repetier-Firmware-master\hipik  r-Firmware-master\RUMBA\Repetier\Repetier.ino
java_class_path (initial): C:\Program Files (x86)\Arduino\lib\apple.jar;C:\Program Files (x86)\Arduino\lib\arduino-core.jar;C:\Program Files (x86)\Arduino\lib\batik-1.8.jar;C:\Program Files (x86)\Arduino\lib\batik-anim-1.8.jar;C:\Program Files (x86)\Arduino\lib\batik-awt-util-1.8.jar;C:\Program Files (x86)\Arduino\lib\batik-bridge-1.8.jar;C:\Program Files (x86)\Arduino\lib\batik-codec-1.8.jar;C:\Program Files (x86)\Arduino\lib\batik-css-1.8.jar;C:\Program Files (x86)\Arduino\lib\batik-dom-1.8.jar;C:\Program Files (x86)\Arduino\lib\batik-ext-1.8.jar;C:\Program Files (x86)\Arduino\lib\batik-gvt-1.8.jar;C:\Program Files (x86)\Arduino\lib\batik-parser-1.8.jar;C:\Program Files (x86)\Arduino\lib\batik-rasterizer-1.8.jar;C:\Program Files (x86)\Arduino\lib\batik-script-1.8.jar;C:\Program Files (x86)\Arduino\lib\batik-squiggle-1.8.jar;C:\Program Files (x86)\Arduino\lib\batik-svg-dom-1.8.jar;C:\Program Files (x86)\Arduino\lib\batik-svgpp-1.8.jar;C:\Program Files (x86)\Arduino\lib\batik-transcoder-1.8.jar;C:\Program Files (x86)\Arduino\lib\batik-util-1.8.jar;C:\Program Files (x86)\Arduino\lib\batik-xml-1.8.jar;C:\Program Files (x86)\Arduino\lib\bcpg-jdk15on-152.jar;C:\Program Files (x86)\Arduino\lib\bcprov-jdk15on-152.jar;C:\Program Files (x86)\Arduino\lib\commons-codec-1.7.jar;C:\Program Files (x86)\Arduino\lib\commons-compress-1.8.jar;C:\Program Files (x86)\Arduino\lib\commons-exec-1.1.jar;C:\Program Files (x86)\Arduino\lib\commons-httpclient-3.1.jar;C:\Program Files (x86)\Arduino\lib\commons-lang3-3.3.2.jar;C:\Program Files (x86)\Arduino\lib\commons-logging-1.0.4.jar;C:\Program Files (x86)\Arduino\lib\commons-net-3.3.jar;C:\Program Files (x86)\Arduino\lib\jackson-annotations-2.6.3.jar;C:\Program Files (x86)\Arduino\lib\jackson-core-2.6.3.jar;C:\Program Files (x86)\Arduino\lib\jackson-databind-2.6.3.jar;C:\Program Files (x86)\Arduino\lib\jackson-module-mrbean-2.6.3.jar;C:\Program Files (x86)\Arduino\lib\java-semver-0.8.0.jar;C:\Program Files (x86)\Arduino\lib\jmdns-3.4.1.j
Launcher Type: SUN_STANDARD

Environment Variables:
PATH=C:\Program Files (x86)\NVIDIA Corporation\PhysX\Common;C:\Program Files (x86)\Intel\iCLS Client\;C:\Program Files\Intel\iCLS Client\;C:\ProgramData\Oracle\Java\javapath;C:\WINDOWS\system32;C:\WINDOWS;C:\WINDOWS\System32\Wbem;C:\WINDOWS\System32\WindowsPowerShell\v1.0\;C:\Program Files (x86)\CineForm\Tools;C:\Program Files (x86)\Windows Live\Shared;C:\Program Files (x86)\QuickTime\QTSystem\;C:\Program Files (x86)\Common Files\Acronis\SnapAPI\;C:\Program Files (x86)\Intel\OpenCL SDK\2.0\bin\x86;C:\Program Files (x86)\Intel\OpenCL SDK\2.0\bin\x64;C:\Program Files (x86)\Intel\Intel(R) Management Engine Components\DAL;C:\Program Files\Intel\Intel(R) Management Engine Components\DAL;C:\Program Files (x86)\Intel\Intel(R) Management Engine Components\IPT;C:\Program Files\Intel\Intel(R) Management Engine Components\IPT;C:\Program Files (x86)\AMD\ATI.ACE\Core-Static;C:\Program Files (x86)\Common Files\Adobe\AGL;C:\Program Files\Intel\WiFi\bin\;C:\Program Files\Common Files\Intel\WirelessCommon\;C:\AWRoot\bin\common;C:\;C:\WINDOWS\system32;C:\WINDOWS;C:\WINDOWS\System32\Wbem;C:\WINDOWS\System32\WindowsPowerShell\v1.0\;C:\Program Files (x86)\Common Files\Acronis\VirtualFile\;C:\Program Files (x86)\Common Files\Acronis\VirtualFile64\;;C:\Program Files (x86)\Sophos\Sophos SSL VPN Client\bin;C:\Program Files\Intel\WiFi\bin\;C:\Program Files\Common Files\Intel\WirelessCommon\;%USERPROFILE%\AppData\Local\Microsoft\WindowsApps;C:\Program Files (x86)\Arduino\java\bin
USERNAME=janm
OS=Windows_NT
PROCESSOR_IDENTIFIER=Intel64 Family 6 Model 78 Stepping 3, GenuineIntel



---------------  S Y S T E M  ---------------

OS: Windows 10.0 , 64 bit Build 15063 (10.0.15063.296)

CPU:total 4 (2 cores per cpu, 2 threads per core) family 6 model 78 stepping 3, cmov, cx8, fxsr, mmx, sse, sse2, sse3, ssse3, sse4.1, sse4.2, popcnt, avx, avx2, aes, clmul, erms, 3dnowpref, lzcnt, ht, tsc, tscinvbit, bmi1, bmi2, adx

Memory: 4k page, physical 7840384k(3085460k free), swap 18080384k(10435400k free)

vm_info: Java HotSpot(TM) Client VM (25.66-b17) for windows-x86 JRE (1.8.0_66-b17), built on Oct  6 2015 19:59:47 by "java_re" with MS VC++ 10.0 (VS2010)

time: Mon Jul 31 17:33:30 2017
elapsed time: 26413 seconds (0d 7h 20m 13s)

