#
# A fatal error has been detected by the Java Runtime Environment:
#
#  EXCEPTION_ACCESS_VIOLATION (0xc0000005) at pc=0x5ec89ab5, pid=14024, tid=10720
#
# JRE version: Java(TM) SE Runtime Environment (8.0_66-b17) (build 1.8.0_66-b17)
# Java VM: Java HotSpot(TM) Client VM (25.66-b17 mixed mode windows-x86 )
# Problematic frame:
# C  [awt.dll+0xa9ab5]
#
# Failed to write core dump. Minidumps are not enabled by default on client versions of Windows
#
# If you would like to submit a bug report, please visit:
#   http://bugreport.java.com/bugreport/crash.jsp
# The crash happened outside the Java Virtual Machine in native code.
# See problematic frame for where to report the bug.
#

---------------  T H R E A D  ---------------

Current thread (0x267b2800):  JavaThread "AWT-EventQueue-0" [_thread_in_native, id=10720, stack(0x292d0000,0x29320000)]

siginfo: ExceptionCode=0xc0000005, reading address 0x00000004

Registers:
EAX=0x0000000d, EBX=0x282b00a8, ECX=0x00000000, EDX=0x011288e0
ESP=0x2931dce8, EBP=0x76e36460, ESI=0x282829a0, EDI=0x140125b4
EIP=0x5ec89ab5, EFLAGS=0x00010293

Top of Stack: (sp=0x2931dce8)
0x2931dce8:   5ec0e93f 140125b4 282b00a8 267b2940
0x2931dcf8:   2931ddb8 2931e2b0 5ec3b31f 267b2940
0x2931dd08:   282b00a8 2931e2b0 5ec3b336 00000001
0x2931dd18:   00000000 00000000 5ec0bb85 267b2940
0x2931dd28:   2931e2b0 267b2800 291d1668 291d1668
0x2931dd38:   267b2800 00000006 00000004 281e0eb0
0x2931dd48:   2931e2ac 267b2940 00000000 24d5bfa8
0x2931dd58:   2931de1c 02d35d44 054d81e0 57c02854 

Instructions: (pc=0x5ec89ab5)
0x5ec89a95:   00 00 c3 8b 41 04 8b 80 0c 0c 00 00 c3 8b 01 83
0x5ec89aa5:   78 04 08 7e 03 33 c0 c3 8b 49 04 e9 94 eb fe ff
0x5ec89ab5:   8b 49 04 85 c9 74 05 e9 a2 e9 fe ff 33 c0 c2 04
0x5ec89ac5:   00 8b 49 04 85 c9 74 05 e9 b7 e9 fe ff c2 04 00 


Register to memory mapping:

EAX=0x0000000d is an unknown value
EBX=0x282b00a8 is an unknown value
ECX=0x00000000 is an unknown value
EDX=0x011288e0 is an unknown value
ESP=0x2931dce8 is pointing into the stack for thread: 0x267b2800
EBP=0x76e36460 is an unknown value
ESI=0x282829a0 is an unknown value
EDI=0x140125b4 is an unallocated location in the heap


Stack: [0x292d0000,0x29320000],  sp=0x2931dce8,  free space=311k
Native frames: (J=compiled Java code, j=interpreted, Vv=VM code, C=native code)
C  [awt.dll+0xa9ab5]

Java frames: (J=compiled Java code, j=interpreted, Vv=VM code)
j  sun.java2d.windows.GDIBlitLoops.nativeBlit(Lsun/java2d/SurfaceData;Lsun/java2d/SurfaceData;Lsun/java2d/pipe/Region;IIIIIIIIIZ)V+0
j  sun.java2d.windows.GDIBlitLoops.Blit(Lsun/java2d/SurfaceData;Lsun/java2d/SurfaceData;Ljava/awt/Composite;Lsun/java2d/pipe/Region;IIIIII)V+33
J 1435 C1 sun.java2d.pipe.DrawImage.blitSurfaceData(Lsun/java2d/SunGraphics2D;Lsun/java2d/pipe/Region;Lsun/java2d/SurfaceData;Lsun/java2d/SurfaceData;Lsun/java2d/loops/SurfaceType;Lsun/java2d/loops/SurfaceType;IIIIIILjava/awt/Color;)V (145 bytes) @ 0x02d2413c [0x02d23f20+0x21c]
J 1434 C1 sun.java2d.pipe.DrawImage.renderImageCopy(Lsun/java2d/SunGraphics2D;Ljava/awt/Image;Ljava/awt/Color;IIIIII)Z (147 bytes) @ 0x02d237d8 [0x02d236c0+0x118]
J 1437 C1 sun.java2d.pipe.DrawImage.copyImage(Lsun/java2d/SunGraphics2D;Ljava/awt/Image;IILjava/awt/Color;)Z (105 bytes) @ 0x02d264e8 [0x02d26310+0x1d8]
J 2436 C1 sun.java2d.pipe.DrawImage.copyImage(Lsun/java2d/SunGraphics2D;Ljava/awt/Image;IILjava/awt/Color;Ljava/awt/image/ImageObserver;)Z (60 bytes) @ 0x02b877a4 [0x02b87640+0x164]
J 2190 C1 sun.java2d.pipe.ValidatePipe.copyImage(Lsun/java2d/SunGraphics2D;Ljava/awt/Image;IILjava/awt/Color;Ljava/awt/image/ImageObserver;)Z (29 bytes) @ 0x02e41ca8 [0x02e41c30+0x78]
J 2435 C1 sun.java2d.SunGraphics2D.drawImage(Ljava/awt/Image;IILjava/awt/Color;Ljava/awt/image/ImageObserver;)Z (145 bytes) @ 0x02ba98c4 [0x02ba96d0+0x1f4]
J 1441 C1 sun.java2d.SunGraphics2D.drawImage(Ljava/awt/Image;IILjava/awt/image/ImageObserver;)Z (11 bytes) @ 0x02d272c0 [0x02d27280+0x40]
J 1993 C1 javax.swing.RepaintManager$PaintManager.paintDoubleBuffered(Ljavax/swing/JComponent;Ljava/awt/Image;Ljava/awt/Graphics;IIII)V (294 bytes) @ 0x02dee008 [0x02dede60+0x1a8]
J 2140 C1 javax.swing.RepaintManager$PaintManager.paint(Ljavax/swing/JComponent;Ljavax/swing/JComponent;Ljava/awt/Graphics;IIII)Z (189 bytes) @ 0x02e2fb38 [0x02e2f810+0x328]
J 2252 C1 javax.swing.RepaintManager.paint(Ljavax/swing/JComponent;Ljavax/swing/JComponent;Ljava/awt/Graphics;IIII)V (93 bytes) @ 0x02e5979c [0x02e595c0+0x1dc]
j  javax.swing.JComponent.paint(Ljava/awt/Graphics;)V+221
j  java.awt.GraphicsCallback$PaintCallback.run(Ljava/awt/Component;Ljava/awt/Graphics;)V+2
j  sun.awt.SunGraphicsCallback.runOneComponent(Ljava/awt/Component;Ljava/awt/Rectangle;Ljava/awt/Graphics;Ljava/awt/Shape;I)V+155
j  sun.awt.SunGraphicsCallback.runComponents([Ljava/awt/Component;Ljava/awt/Graphics;I)V+194
j  java.awt.Container.paint(Ljava/awt/Graphics;)V+58
j  java.awt.Window.paint(Ljava/awt/Graphics;)V+68
j  javax.swing.RepaintManager$4.run()Ljava/lang/Void;+142
j  javax.swing.RepaintManager$4.run()Ljava/lang/Object;+1
v  ~StubRoutines::call_stub
J 1814  java.security.AccessController.doPrivileged(Ljava/security/PrivilegedAction;Ljava/security/AccessControlContext;)Ljava/lang/Object; (0 bytes) @ 0x02dbda07 [0x02dbd9a0+0x67]
J 1976 C1 javax.swing.RepaintManager.paintDirtyRegions(Ljava/util/Map;)V (196 bytes) @ 0x02de9cbc [0x02de98e0+0x3dc]
j  javax.swing.RepaintManager.paintDirtyRegions()V+46
j  javax.swing.RepaintManager.prePaintDirtyRegions()V+73
j  javax.swing.RepaintManager.access$1200(Ljavax/swing/RepaintManager;)V+1
j  javax.swing.RepaintManager$ProcessingRunnable.run()V+37
J 1937 C1 java.awt.event.InvocationEvent.dispatch()V (69 bytes) @ 0x02de055c [0x02de0470+0xec]
J 1602 C1 java.awt.EventQueue.dispatchEventImpl(Ljava/awt/AWTEvent;Ljava/lang/Object;)V (149 bytes) @ 0x02d6174c [0x02d61290+0x4bc]
J 1813 C1 java.awt.EventQueue$3.run()Ljava/lang/Void; (60 bytes) @ 0x02d1219c [0x02d12140+0x5c]
J 1812 C1 java.awt.EventQueue$3.run()Ljava/lang/Object; (5 bytes) @ 0x02d12560 [0x02d12540+0x20]
v  ~StubRoutines::call_stub
J 1814  java.security.AccessController.doPrivileged(Ljava/security/PrivilegedAction;Ljava/security/AccessControlContext;)Ljava/lang/Object; (0 bytes) @ 0x02dbda07 [0x02dbd9a0+0x67]
J 1598 C1 java.awt.EventQueue.dispatchEvent(Ljava/awt/AWTEvent;)V (80 bytes) @ 0x02d5fdc8 [0x02d5fbc0+0x208]
J 1543 C1 java.awt.EventDispatchThread.pumpOneEventForFilters(I)V (295 bytes) @ 0x02d47c54 [0x02d475c0+0x694]
j  java.awt.EventDispatchThread.pumpEventsForFilter(ILjava/awt/Conditional;Ljava/awt/EventFilter;)V+35
j  java.awt.EventDispatchThread.pumpEventsForHierarchy(ILjava/awt/Conditional;Ljava/awt/Component;)V+11
j  java.awt.EventDispatchThread.pumpEvents(ILjava/awt/Conditional;)V+4
j  java.awt.EventDispatchThread.pumpEvents(Ljava/awt/Conditional;)V+3
j  java.awt.EventDispatchThread.run()V+9
v  ~StubRoutines::call_stub

---------------  P R O C E S S  ---------------

Java Threads: ( => current thread )
  0x2840d000 JavaThread "JmDNS(ntb-janm5-adler-local.local.).Timer" daemon [_thread_blocked, id=16076, stack(0x26d90000,0x26de0000)]
  0x28410000 JavaThread "JmDNS(ntb-janm5-adler-local.local.).State.Timer" [_thread_blocked, id=16072, stack(0x26d00000,0x26d50000)]
  0x2840a800 JavaThread "JmDNS(ntb-janm5-adler-local.local.).Timer" daemon [_thread_blocked, id=16068, stack(0x26c70000,0x26cc0000)]
  0x2840fc00 JavaThread "SocketListener(ntb-janm5-adler-local.local.)" daemon [_thread_in_native, id=16064, stack(0x26be0000,0x26c30000)]
  0x2840d400 JavaThread "JmDNS(ntb-janm5-adler-local.local.).Timer" daemon [_thread_blocked, id=15984, stack(0x25ba0000,0x25bf0000)]
  0x2840e800 JavaThread "JmDNS(ntb-janm5-adler-local.local.).State.Timer" [_thread_blocked, id=15980, stack(0x25b10000,0x25b60000)]
  0x28410800 JavaThread "JmDNS(ntb-janm5-adler-local.local.).Timer" daemon [_thread_blocked, id=15976, stack(0x25a80000,0x25ad0000)]
  0x2840b400 JavaThread "SocketListener(ntb-janm5-adler-local.local.)" daemon [_thread_in_native, id=15972, stack(0x259f0000,0x25a40000)]
  0x2840c800 JavaThread "DestroyJavaVM" [_thread_blocked, id=12828, stack(0x00d90000,0x00de0000)]
=>0x267b2800 JavaThread "AWT-EventQueue-0" [_thread_in_native, id=10720, stack(0x292d0000,0x29320000)]
  0x267b1000 JavaThread "AWT-Shutdown" [_thread_blocked, id=11448, stack(0x28c40000,0x28c90000)]
  0x267b0800 JavaThread "TimerQueue" daemon [_thread_blocked, id=13844, stack(0x269f0000,0x26a40000)]
  0x267b2000 JavaThread "Batik CleanerThread" daemon [_thread_blocked, id=9500, stack(0x28d90000,0x28de0000)]
  0x265e9c00 JavaThread "cc.arduino.packages.discoverers.network.BoardReachabilityFilter" [_thread_blocked, id=4176, stack(0x274e0000,0x27530000)]
  0x265dc400 JavaThread "cc.arduino.packages.discoverers.network.NetworkChecker" [_thread_in_native, id=736, stack(0x27450000,0x274a0000)]
  0x265a0000 JavaThread "cc.arduino.packages.discoverers.serial.SerialBoardsLister" [_thread_blocked, id=13820, stack(0x273c0000,0x27410000)]
  0x2659d800 JavaThread "AWT-Windows" daemon [_thread_in_native, id=2128, stack(0x26a80000,0x26ad0000)]
  0x2659c400 JavaThread "Java2D Disposer" daemon [_thread_blocked, id=12664, stack(0x26960000,0x269b0000)]
  0x25eff800 JavaThread "Service Thread" daemon [_thread_blocked, id=6048, stack(0x26350000,0x263a0000)]
  0x25eec000 JavaThread "C1 CompilerThread0" daemon [_thread_blocked, id=6772, stack(0x262c0000,0x26310000)]
  0x25eea800 JavaThread "Attach Listener" daemon [_thread_blocked, id=12688, stack(0x26230000,0x26280000)]
  0x25ee8800 JavaThread "Signal Dispatcher" daemon [_thread_blocked, id=10832, stack(0x261a0000,0x261f0000)]
  0x25eb8800 JavaThread "Finalizer" daemon [_thread_blocked, id=9804, stack(0x25260000,0x252b0000)]
  0x25eb3800 JavaThread "Reference Handler" daemon [_thread_blocked, id=9236, stack(0x25210000,0x25260000)]

Other Threads:
  0x0137d800 VMThread [stack: 0x04ba0000,0x04bf0000] [id=5748]
  0x25ef4000 WatcherThread [stack: 0x263e0000,0x26430000] [id=5704]

VM state:not at safepoint (normal execution)

VM Mutex/Monitor currently owned by a thread: None

Heap:
 def new generation   total 39424K, used 25526K [0x04c00000, 0x076c0000, 0x0f6a0000)
  eden space 35072K,  70% used [0x04c00000, 0x0642c8c8, 0x06e40000)
  from space 4352K,  17% used [0x06e40000, 0x06f010d8, 0x07280000)
  to   space 4352K,   0% used [0x07280000, 0x07280000, 0x076c0000)
 tenured generation   total 87424K, used 52842K [0x0f6a0000, 0x14c00000, 0x24c00000)
   the space 87424K,  60% used [0x0f6a0000, 0x12a3a948, 0x12a3aa00, 0x14c00000)
 Metaspace       used 18498K, capacity 18941K, committed 18944K, reserved 19840K

Card table byte_map: [0x04a90000,0x04ba0000] byte_map_base: 0x04a6a000

Polling page: 0x00de0000

CodeCache: size=32768Kb used=2721Kb max_used=4046Kb free=30046Kb
 bounds [0x02a90000, 0x02e88000, 0x04a90000]
 total_blobs=1654 nmethods=1378 adapters=206
 compilation: enabled

Compilation events (10 events):
Event: 46047.833 Thread 0x25eec000 2443             java.util.logging.LoggingProxyImpl::isLoggable (12 bytes)
Event: 46047.834 Thread 0x25eec000 nmethod 2443 0x02ccedc8 code [0x02cceed0, 0x02ccefe0]
Event: 46047.864 Thread 0x25eec000 2444             sun.util.logging.PlatformLogger::isLoggable (38 bytes)
Event: 46047.864 Thread 0x25eec000 nmethod 2444 0x02b91bc8 code [0x02b91cf0, 0x02b91e84]
Event: 46048.006 Thread 0x25eec000 2445             java.util.AbstractCollection::toArray (70 bytes)
Event: 46048.006 Thread 0x25eec000 nmethod 2445 0x02cc7408 code [0x02cc7570, 0x02cc7814]
Event: 46055.240 Thread 0x25eec000 2446             java.awt.Component::getParent_NoClientCode (5 bytes)
Event: 46055.240 Thread 0x25eec000 nmethod 2446 0x02cab688 code [0x02cab780, 0x02cab800]
Event: 46055.264 Thread 0x25eec000 2447             java.util.ArrayList::size (5 bytes)
Event: 46055.265 Thread 0x25eec000 nmethod 2447 0x02b53c08 code [0x02b53d00, 0x02b53d80]

GC Heap History (10 events):
Event: 452.158 GC heap before
{Heap before GC invocations=6 (full 1):
 def new generation   total 39424K, used 39184K [0x04c00000, 0x076c0000, 0x0f6a0000)
  eden space 35072K, 100% used [0x04c00000, 0x06e40000, 0x06e40000)
  from space 4352K,  94% used [0x07280000, 0x076843e0, 0x076c0000)
  to   space 4352K,   0% used [0x06e40000, 0x06e40000, 0x07280000)
 tenured generation   total 87424K, used 34637K [0x0f6a0000, 0x14c00000, 0x24c00000)
   the space 87424K,  39% used [0x0f6a0000, 0x11873470, 0x11873600, 0x14c00000)
 Metaspace       used 18481K, capacity 18907K, committed 18944K, reserved 19840K
Event: 452.167 GC heap after
Heap after GC invocations=7 (full 1):
 def new generation   total 39424K, used 943K [0x04c00000, 0x076c0000, 0x0f6a0000)
  eden space 35072K,   0% used [0x04c00000, 0x04c00000, 0x06e40000)
  from space 4352K,  21% used [0x06e40000, 0x06f2bd08, 0x07280000)
  to   space 4352K,   0% used [0x07280000, 0x07280000, 0x076c0000)
 tenured generation   total 87424K, used 37287K [0x0f6a0000, 0x14c00000, 0x24c00000)
   the space 87424K,  42% used [0x0f6a0000, 0x11b09d28, 0x11b09e00, 0x14c00000)
 Metaspace       used 18481K, capacity 18907K, committed 18944K, reserved 19840K
}
Event: 3249.922 GC heap before
{Heap before GC invocations=7 (full 1):
 def new generation   total 39424K, used 36015K [0x04c00000, 0x076c0000, 0x0f6a0000)
  eden space 35072K, 100% used [0x04c00000, 0x06e40000, 0x06e40000)
  from space 4352K,  21% used [0x06e40000, 0x06f2bd08, 0x07280000)
  to   space 4352K,   0% used [0x07280000, 0x07280000, 0x076c0000)
 tenured generation   total 87424K, used 37287K [0x0f6a0000, 0x14c00000, 0x24c00000)
   the space 87424K,  42% used [0x0f6a0000, 0x11b09d28, 0x11b09e00, 0x14c00000)
 Metaspace       used 18493K, capacity 18939K, committed 18944K, reserved 19840K
Event: 3249.965 GC heap after
Heap after GC invocations=8 (full 1):
 def new generation   total 39424K, used 863K [0x04c00000, 0x076c0000, 0x0f6a0000)
  eden space 35072K,   0% used [0x04c00000, 0x04c00000, 0x06e40000)
  from space 4352K,  19% used [0x07280000, 0x07357e88, 0x076c0000)
  to   space 4352K,   0% used [0x06e40000, 0x06e40000, 0x07280000)
 tenured generation   total 87424K, used 37287K [0x0f6a0000, 0x14c00000, 0x24c00000)
   the space 87424K,  42% used [0x0f6a0000, 0x11b09d28, 0x11b09e00, 0x14c00000)
 Metaspace       used 18493K, capacity 18939K, committed 18944K, reserved 19840K
}
Event: 6871.457 GC heap before
{Heap before GC invocations=8 (full 1):
 def new generation   total 39424K, used 35935K [0x04c00000, 0x076c0000, 0x0f6a0000)
  eden space 35072K, 100% used [0x04c00000, 0x06e40000, 0x06e40000)
  from space 4352K,  19% used [0x07280000, 0x07357e88, 0x076c0000)
  to   space 4352K,   0% used [0x06e40000, 0x06e40000, 0x07280000)
 tenured generation   total 87424K, used 37287K [0x0f6a0000, 0x14c00000, 0x24c00000)
   the space 87424K,  42% used [0x0f6a0000, 0x11b09d28, 0x11b09e00, 0x14c00000)
 Metaspace       used 18493K, capacity 18939K, committed 18944K, reserved 19840K
Event: 6871.474 GC heap after
Heap after GC invocations=9 (full 1):
 def new generation   total 39424K, used 430K [0x04c00000, 0x076c0000, 0x0f6a0000)
  eden space 35072K,   0% used [0x04c00000, 0x04c00000, 0x06e40000)
  from space 4352K,   9% used [0x06e40000, 0x06eab898, 0x07280000)
  to   space 4352K,   0% used [0x07280000, 0x07280000, 0x076c0000)
 tenured generation   total 87424K, used 37287K [0x0f6a0000, 0x14c00000, 0x24c00000)
   the space 87424K,  42% used [0x0f6a0000, 0x11b09d28, 0x11b09e00, 0x14c00000)
 Metaspace       used 18493K, capacity 18939K, committed 18944K, reserved 19840K
}
Event: 44391.544 GC heap before
{Heap before GC invocations=9 (full 1):
 def new generation   total 39424K, used 33876K [0x04c00000, 0x076c0000, 0x0f6a0000)
  eden space 35072K,  95% used [0x04c00000, 0x06ca9a48, 0x06e40000)
  from space 4352K,   9% used [0x06e40000, 0x06eab898, 0x07280000)
  to   space 4352K,   0% used [0x07280000, 0x07280000, 0x076c0000)
 tenured generation   total 87424K, used 37287K [0x0f6a0000, 0x14c00000, 0x24c00000)
   the space 87424K,  42% used [0x0f6a0000, 0x11b09d28, 0x11b09e00, 0x14c00000)
 Metaspace       used 18493K, capacity 18939K, committed 18944K, reserved 19840K
Event: 44391.594 GC heap after
Heap after GC invocations=10 (full 1):
 def new generation   total 39424K, used 419K [0x04c00000, 0x076c0000, 0x0f6a0000)
  eden space 35072K,   0% used [0x04c00000, 0x04c00000, 0x06e40000)
  from space 4352K,   9% used [0x07280000, 0x072e8ec0, 0x076c0000)
  to   space 4352K,   0% used [0x06e40000, 0x06e40000, 0x07280000)
 tenured generation   total 87424K, used 37287K [0x0f6a0000, 0x14c00000, 0x24c00000)
   the space 87424K,  42% used [0x0f6a0000, 0x11b09d28, 0x11b09e00, 0x14c00000)
 Metaspace       used 18493K, capacity 18939K, committed 18944K, reserved 19840K
}
Event: 45198.110 GC heap before
{Heap before GC invocations=10 (full 1):
 def new generation   total 39424K, used 35491K [0x04c00000, 0x076c0000, 0x0f6a0000)
  eden space 35072K, 100% used [0x04c00000, 0x06e40000, 0x06e40000)
  from space 4352K,   9% used [0x07280000, 0x072e8ec0, 0x076c0000)
  to   space 4352K,   0% used [0x06e40000, 0x06e40000, 0x07280000)
 tenured generation   total 87424K, used 37287K [0x0f6a0000, 0x14c00000, 0x24c00000)
   the space 87424K,  42% used [0x0f6a0000, 0x11b09d28, 0x11b09e00, 0x14c00000)
 Metaspace       used 18498K, capacity 18941K, committed 18944K, reserved 19840K
Event: 45198.122 GC heap after
Heap after GC invocations=11 (full 1):
 def new generation   total 39424K, used 772K [0x04c00000, 0x076c0000, 0x0f6a0000)
  eden space 35072K,   0% used [0x04c00000, 0x04c00000, 0x06e40000)
  from space 4352K,  17% used [0x06e40000, 0x06f010d8, 0x07280000)
  to   space 4352K,   0% used [0x07280000, 0x07280000, 0x076c0000)
 tenured generation   total 87424K, used 52842K [0x0f6a0000, 0x14c00000, 0x24c00000)
   the space 87424K,  60% used [0x0f6a0000, 0x12a3a948, 0x12a3aa00, 0x14c00000)
 Metaspace       used 18498K, capacity 18941K, committed 18944K, reserved 19840K
}

Deoptimization events (0 events):
No events

Internal exceptions (10 events):
Event: 515.013 Thread 0x28409c00 Exception <a 'sun/nio/fs/WindowsException'> (0x05680d50) thrown at [C:\re\workspace\8-2-build-windows-i586-cygwin\jdk8u66\4988\hotspot\src\share\vm\prims\jni.cpp, line 709]
Event: 515.013 Thread 0x28409c00 Exception <a 'sun/nio/fs/WindowsException'> (0x05681348) thrown at [C:\re\workspace\8-2-build-windows-i586-cygwin\jdk8u66\4988\hotspot\src\share\vm\prims\jni.cpp, line 709]
Event: 515.017 Thread 0x28409c00 Exception <a 'sun/nio/fs/WindowsException'> (0x0568ac48) thrown at [C:\re\workspace\8-2-build-windows-i586-cygwin\jdk8u66\4988\hotspot\src\share\vm\prims\jni.cpp, line 709]
Event: 515.017 Thread 0x28409c00 Exception <a 'sun/nio/fs/WindowsException'> (0x0568b250) thrown at [C:\re\workspace\8-2-build-windows-i586-cygwin\jdk8u66\4988\hotspot\src\share\vm\prims\jni.cpp, line 709]
Event: 44392.520 Thread 0x2840f000 Exception <a 'java/net/NoRouteToHostException': No route to host: Datagram send failed> (0x0543cf60) thrown at [C:\re\workspace\8-2-build-windows-i586-cygwin\jdk8u66\4988\hotspot\src\share\vm\prims\jni.cpp, line 735]
Event: 44392.555 Thread 0x2840f000 Exception <a 'java/net/NoRouteToHostException': No route to host: Datagram send failed> (0x0544ffd0) thrown at [C:\re\workspace\8-2-build-windows-i586-cygwin\jdk8u66\4988\hotspot\src\share\vm\prims\jni.cpp, line 735]
Event: 44393.240 Thread 0x2840bc00 Exception <a 'java/net/SocketException': socket closed> (0x054c6088) thrown at [C:\re\workspace\8-2-build-windows-i586-cygwin\jdk8u66\4988\hotspot\src\share\vm\prims\jni.cpp, line 735]
Event: 44397.556 Thread 0x28409800 Exception <a 'java/net/SocketException': error setting options> (0x05440630) thrown at [C:\re\workspace\8-2-build-windows-i586-cygwin\jdk8u66\4988\hotspot\src\share\vm\prims\jni.cpp, line 735]
Event: 44434.999 Thread 0x2840f000 Exception <a 'java/net/SocketException': socket closed> (0x05675410) thrown at [C:\re\workspace\8-2-build-windows-i586-cygwin\jdk8u66\4988\hotspot\src\share\vm\prims\jni.cpp, line 735]
Event: 44441.001 Thread 0x2840a400 Exception <a 'java/net/SocketException': socket closed> (0x05641cf8) thrown at [C:\re\workspace\8-2-build-windows-i586-cygwin\jdk8u66\4988\hotspot\src\share\vm\prims\jni.cpp, line 735]

Events (10 events):
Event: 46047.833 Thread 0x25eec000 flushing nmethod 0x02cc7288
Event: 46047.833 Thread 0x25eec000 flushing nmethod 0x02cc7c88
Event: 46047.833 Thread 0x25eec000 flushing nmethod 0x02cc8cc8
Event: 46047.833 Thread 0x25eec000 flushing nmethod 0x02cc9048
Event: 46047.833 Thread 0x25eec000 flushing nmethod 0x02ccb908
Event: 46047.833 Thread 0x25eec000 flushing nmethod 0x02ccbb48
Event: 46047.833 Thread 0x25eec000 flushing nmethod 0x02ccbd48
Event: 46047.833 Thread 0x25eec000 flushing nmethod 0x02ccd248
Event: 46047.833 Thread 0x25eec000 flushing nmethod 0x02cce648
Event: 46047.833 Thread 0x25eec000 flushing nmethod 0x02cced48


Dynamic libraries:
0x013c0000 - 0x013f3000 	C:\Program Files (x86)\Arduino\java\bin\javaw.exe
0x77570000 - 0x776fe000 	C:\WINDOWS\SYSTEM32\ntdll.dll
0x751e0000 - 0x752b0000 	C:\WINDOWS\System32\KERNEL32.DLL
0x76f40000 - 0x77102000 	C:\WINDOWS\System32\KERNELBASE.dll
0x75a60000 - 0x75ad7000 	C:\WINDOWS\System32\ADVAPI32.dll
0x76e80000 - 0x76f3d000 	C:\WINDOWS\System32\msvcrt.dll
0x75660000 - 0x756a1000 	C:\WINDOWS\System32\sechost.dll
0x77110000 - 0x771d0000 	C:\WINDOWS\System32\RPCRT4.dll
0x74040000 - 0x74060000 	C:\WINDOWS\System32\SspiCli.dll
0x74030000 - 0x7403a000 	C:\WINDOWS\System32\CRYPTBASE.dll
0x75470000 - 0x754c7000 	C:\WINDOWS\System32\bcryptPrimitives.dll
0x74c80000 - 0x74dbc000 	C:\WINDOWS\System32\USER32.dll
0x752b0000 - 0x752c6000 	C:\WINDOWS\System32\win32u.dll
0x76e30000 - 0x76e51000 	C:\WINDOWS\System32\GDI32.dll
0x74990000 - 0x74ae8000 	C:\WINDOWS\System32\gdi32full.dll
0x773c0000 - 0x77439000 	C:\WINDOWS\System32\msvcp_win.dll
0x77450000 - 0x77568000 	C:\WINDOWS\System32\ucrtbase.dll
0x64b30000 - 0x64d3e000 	C:\WINDOWS\WinSxS\x86_microsoft.windows.common-controls_6595b64144ccf1df_6.0.15063.0_none_583b8639f462029f\COMCTL32.dll
0x75820000 - 0x75a58000 	C:\WINDOWS\System32\combase.dll
0x747f0000 - 0x74815000 	C:\WINDOWS\System32\IMM32.DLL
0x61200000 - 0x612bf000 	C:\Program Files (x86)\Arduino\java\bin\msvcr100.dll
0x57920000 - 0x57ce5000 	C:\Program Files (x86)\Arduino\java\bin\client\jvm.dll
0x76e60000 - 0x76e66000 	C:\WINDOWS\System32\PSAPI.DLL
0x729a0000 - 0x729c4000 	C:\WINDOWS\SYSTEM32\WINMM.dll
0x73e00000 - 0x73e08000 	C:\WINDOWS\SYSTEM32\WSOCK32.dll
0x72230000 - 0x72253000 	C:\WINDOWS\SYSTEM32\WINMMBASE.dll
0x73760000 - 0x73768000 	C:\WINDOWS\SYSTEM32\VERSION.dll
0x771d0000 - 0x77237000 	C:\WINDOWS\System32\WS2_32.dll
0x74070000 - 0x740a9000 	C:\WINDOWS\System32\cfgmgr32.dll
0x623e0000 - 0x62411000 	C:\Program Files (x86)\Arduino\java\bin\splashscreen.dll
0x6eff0000 - 0x6f068000 	C:\WINDOWS\system32\uxtheme.dll
0x62760000 - 0x6276c000 	C:\Program Files (x86)\Arduino\java\bin\verify.dll
0x74640000 - 0x74786000 	C:\WINDOWS\System32\MSCTF.dll
0x754d0000 - 0x75566000 	C:\WINDOWS\System32\OLEAUT32.dll
0x623b0000 - 0x623d1000 	C:\Program Files (x86)\Arduino\java\bin\java.dll
0x611e0000 - 0x611f3000 	C:\Program Files (x86)\Arduino\java\bin\zip.dll
0x74890000 - 0x7489e000 	C:\WINDOWS\System32\kernel.appcore.dll
0x65190000 - 0x651f7000 	C:\WINDOWS\System32\TextInputFramework.dll
0x65100000 - 0x6518f000 	C:\WINDOWS\System32\CoreMessaging.dll
0x64ed0000 - 0x650f7000 	C:\WINDOWS\System32\CoreUIComponents.dll
0x755d0000 - 0x7565c000 	C:\WINDOWS\System32\SHCORE.dll
0x73a30000 - 0x73a58000 	C:\WINDOWS\SYSTEM32\ntmarta.dll
0x705d0000 - 0x706a1000 	C:\WINDOWS\SYSTEM32\wintypes.dll
0x70560000 - 0x70570000 	C:\WINDOWS\SYSTEM32\usermgrcli.dll
0x71c10000 - 0x71c33000 	C:\WINDOWS\system32\dwmapi.dll
0x75ae0000 - 0x76e28000 	C:\WINDOWS\System32\SHELL32.dll
0x740b0000 - 0x74634000 	C:\WINDOWS\System32\windows.storage.dll
0x75420000 - 0x75465000 	C:\WINDOWS\System32\shlwapi.dll
0x752d0000 - 0x75315000 	C:\WINDOWS\System32\powrprof.dll
0x77440000 - 0x77450000 	C:\WINDOWS\System32\profapi.dll
0x5ebe0000 - 0x5ed25000 	C:\Program Files (x86)\Arduino\java\bin\awt.dll
0x71ea0000 - 0x71f33000 	C:\WINDOWS\SYSTEM32\apphelp.dll
0x75320000 - 0x75413000 	C:\WINDOWS\System32\ole32.dll
0x611c0000 - 0x611d6000 	C:\Program Files (x86)\Arduino\java\bin\net.dll
0x73db0000 - 0x73dfe000 	C:\WINDOWS\system32\mswsock.dll
0x736c0000 - 0x736ef000 	C:\WINDOWS\SYSTEM32\IPHLPAPI.DLL
0x76e70000 - 0x76e77000 	C:\WINDOWS\System32\NSI.dll
0x61940000 - 0x61976000 	C:\Program Files (x86)\Arduino\lib\listSerialsj.dll
0x74dc0000 - 0x751da000 	C:\WINDOWS\System32\SETUPAPI.dll
0x71440000 - 0x71453000 	C:\WINDOWS\SYSTEM32\dhcpcsvc6.DLL
0x71420000 - 0x71434000 	C:\WINDOWS\SYSTEM32\dhcpcsvc.DLL
0x736a0000 - 0x736b3000 	C:\WINDOWS\SYSTEM32\CRYPTSP.dll
0x73670000 - 0x7369f000 	C:\WINDOWS\system32\rsaenh.dll
0x73160000 - 0x73178000 	C:\WINDOWS\SYSTEM32\bcrypt.dll
0x73c00000 - 0x73c22000 	C:\WINDOWS\SYSTEM32\USERENV.dll
0x62750000 - 0x6275f000 	C:\Program Files (x86)\Arduino\java\bin\nio.dll
0x27770000 - 0x277ad000 	C:\Users\janm\AppData\Local\Temp\jna-3254582\jna3720001529844034644.dll
0x721b0000 - 0x7222f000 	C:\WINDOWS\SYSTEM32\DNSAPI.dll
0x713f0000 - 0x71411000 	C:\Program Files (x86)\Bonjour\mdnsNSP.dll
0x713e0000 - 0x713e8000 	C:\Windows\System32\rasadhlp.dll
0x70510000 - 0x7055a000 	C:\WINDOWS\System32\fwpuclnt.dll
0x610b0000 - 0x610e9000 	C:\Program Files (x86)\Arduino\java\bin\fontmanager.dll
0x61080000 - 0x610b0000 	C:\Program Files (x86)\Arduino\java\bin\t2k.dll
0x70850000 - 0x70872000 	C:\WINDOWS\SYSTEM32\DEVOBJ.dll
0x74840000 - 0x74884000 	C:\WINDOWS\System32\WINTRUST.dll
0x74c70000 - 0x74c7e000 	C:\WINDOWS\System32\MSASN1.dll
0x77240000 - 0x773bd000 	C:\WINDOWS\System32\CRYPT32.dll
0x60e70000 - 0x60ed9000 	C:\Program Files (x86)\Arduino\msvcp100.dll
0x5fd80000 - 0x5fe3e000 	C:\Program Files (x86)\Arduino\msvcr100.dll
0x029f0000 - 0x02a22000 	C:\Program Files (x86)\Arduino\lib\AStylej.dll
0x5fd50000 - 0x5fd74000 	C:\Program Files (x86)\Arduino\java\bin\dcpr.dll
0x74af0000 - 0x74b73000 	C:\WINDOWS\System32\clbcatq.dll
0x666c0000 - 0x66831000 	C:\WINDOWS\SYSTEM32\WindowsCodecs.dll
0x663b0000 - 0x663f3000 	C:\WINDOWS\system32\dataexchange.dll
0x66150000 - 0x663a2000 	C:\WINDOWS\system32\d3d11.dll
0x65fd0000 - 0x6605a000 	C:\WINDOWS\system32\dxgi.dll
0x66060000 - 0x6614b000 	C:\WINDOWS\system32\dcomp.dll
0x65e90000 - 0x65fc6000 	C:\WINDOWS\system32\twinapi.appcore.dll
0x73c30000 - 0x73d8d000 	C:\WINDOWS\SYSTEM32\dbghelp.dll

VM Arguments:
jvm_args: -Dsun.java2d.d3d=false -DAPP_DIR=C:\Program Files (x86)\Arduino -Xms128M -Xmx512M 
java_command: processing.app.Base C:\Users\janm\Desktop\modely\3d\firmware\Repetier-Firmware-master\hipik  r-Firmware-master\RUMBA\Repetier\Repetier.ino
java_class_path (initial): C:\Program Files (x86)\Arduino\lib\apple.jar;C:\Program Files (x86)\Arduino\lib\arduino-core.jar;C:\Program Files (x86)\Arduino\lib\batik-1.8.jar;C:\Program Files (x86)\Arduino\lib\batik-anim-1.8.jar;C:\Program Files (x86)\Arduino\lib\batik-awt-util-1.8.jar;C:\Program Files (x86)\Arduino\lib\batik-bridge-1.8.jar;C:\Program Files (x86)\Arduino\lib\batik-codec-1.8.jar;C:\Program Files (x86)\Arduino\lib\batik-css-1.8.jar;C:\Program Files (x86)\Arduino\lib\batik-dom-1.8.jar;C:\Program Files (x86)\Arduino\lib\batik-ext-1.8.jar;C:\Program Files (x86)\Arduino\lib\batik-gvt-1.8.jar;C:\Program Files (x86)\Arduino\lib\batik-parser-1.8.jar;C:\Program Files (x86)\Arduino\lib\batik-rasterizer-1.8.jar;C:\Program Files (x86)\Arduino\lib\batik-script-1.8.jar;C:\Program Files (x86)\Arduino\lib\batik-squiggle-1.8.jar;C:\Program Files (x86)\Arduino\lib\batik-svg-dom-1.8.jar;C:\Program Files (x86)\Arduino\lib\batik-svgpp-1.8.jar;C:\Program Files (x86)\Arduino\lib\batik-transcoder-1.8.jar;C:\Program Files (x86)\Arduino\lib\batik-util-1.8.jar;C:\Program Files (x86)\Arduino\lib\batik-xml-1.8.jar;C:\Program Files (x86)\Arduino\lib\bcpg-jdk15on-152.jar;C:\Program Files (x86)\Arduino\lib\bcprov-jdk15on-152.jar;C:\Program Files (x86)\Arduino\lib\commons-codec-1.7.jar;C:\Program Files (x86)\Arduino\lib\commons-compress-1.8.jar;C:\Program Files (x86)\Arduino\lib\commons-exec-1.1.jar;C:\Program Files (x86)\Arduino\lib\commons-httpclient-3.1.jar;C:\Program Files (x86)\Arduino\lib\commons-lang3-3.3.2.jar;C:\Program Files (x86)\Arduino\lib\commons-logging-1.0.4.jar;C:\Program Files (x86)\Arduino\lib\commons-net-3.3.jar;C:\Program Files (x86)\Arduino\lib\jackson-annotations-2.6.3.jar;C:\Program Files (x86)\Arduino\lib\jackson-core-2.6.3.jar;C:\Program Files (x86)\Arduino\lib\jackson-databind-2.6.3.jar;C:\Program Files (x86)\Arduino\lib\jackson-module-mrbean-2.6.3.jar;C:\Program Files (x86)\Arduino\lib\java-semver-0.8.0.jar;C:\Program Files (x86)\Arduino\lib\jmdns-3.4.1.j
Launcher Type: SUN_STANDARD

Environment Variables:
PATH=C:\Program Files (x86)\NVIDIA Corporation\PhysX\Common;C:\Program Files (x86)\Intel\iCLS Client\;C:\Program Files\Intel\iCLS Client\;C:\ProgramData\Oracle\Java\javapath;C:\WINDOWS\system32;C:\WINDOWS;C:\WINDOWS\System32\Wbem;C:\WINDOWS\System32\WindowsPowerShell\v1.0\;C:\Program Files (x86)\CineForm\Tools;C:\Program Files (x86)\Windows Live\Shared;C:\Program Files (x86)\QuickTime\QTSystem\;C:\Program Files (x86)\Common Files\Acronis\SnapAPI\;C:\Program Files (x86)\Intel\OpenCL SDK\2.0\bin\x86;C:\Program Files (x86)\Intel\OpenCL SDK\2.0\bin\x64;C:\Program Files (x86)\Intel\Intel(R) Management Engine Components\DAL;C:\Program Files\Intel\Intel(R) Management Engine Components\DAL;C:\Program Files (x86)\Intel\Intel(R) Management Engine Components\IPT;C:\Program Files\Intel\Intel(R) Management Engine Components\IPT;C:\Program Files (x86)\AMD\ATI.ACE\Core-Static;C:\Program Files (x86)\Common Files\Adobe\AGL;C:\Program Files\Intel\WiFi\bin\;C:\Program Files\Common Files\Intel\WirelessCommon\;C:\AWRoot\bin\common;C:\;C:\WINDOWS\system32;C:\WINDOWS;C:\WINDOWS\System32\Wbem;C:\WINDOWS\System32\WindowsPowerShell\v1.0\;C:\Program Files (x86)\Common Files\Acronis\VirtualFile\;C:\Program Files (x86)\Common Files\Acronis\VirtualFile64\;C:\Program Files (x86)\Skype\Phone\;;C:\Program Files (x86)\Sophos\Sophos SSL VPN Client\bin;C:\Program Files\Intel\WiFi\bin\;C:\Program Files\Common Files\Intel\WirelessCommon\;%USERPROFILE%\AppData\Local\Microsoft\WindowsApps;C:\Program Files (x86)\Arduino\java\bin
USERNAME=janm
OS=Windows_NT
PROCESSOR_IDENTIFIER=Intel64 Family 6 Model 78 Stepping 3, GenuineIntel



---------------  S Y S T E M  ---------------

OS: Windows 10.0 , 64 bit Build 15063 (10.0.15063.296)

CPU:total 4 (2 cores per cpu, 2 threads per core) family 6 model 78 stepping 3, cmov, cx8, fxsr, mmx, sse, sse2, sse3, ssse3, sse4.1, sse4.2, popcnt, avx, avx2, aes, clmul, erms, 3dnowpref, lzcnt, ht, tsc, tscinvbit, bmi1, bmi2, adx

Memory: 4k page, physical 7840384k(3132948k free), swap 18080384k(10534860k free)

vm_info: Java HotSpot(TM) Client VM (25.66-b17) for windows-x86 JRE (1.8.0_66-b17), built on Oct  6 2015 19:59:47 by "java_re" with MS VC++ 10.0 (VS2010)

time: Wed Aug 02 09:25:43 2017
elapsed time: 46057 seconds (0d 12h 47m 37s)

